INFO play-akka.actor.default-dispatcher-186 de.htwg.se.mastermind.view.tui - 
The cell at [1],[1] has been set!
INFO play-akka.actor.default-dispatcher-186 de.htwg.se.mastermind.view.tui - 
Available Colors: yl, gr, rd, bl, or, pk, pu
INFO play-akka.actor.default-dispatcher-186 de.htwg.se.mastermind.view.tui - 
Possible Commands: n-new, q-quit, c-confirm row, xyco-set a color at x, y, s-show solution, zn-sets the size
INFO play-akka.actor.default-dispatcher-186 de.htwg.se.mastermind.view.tui - 
Please enter command: 
INFO play-akka.actor.default-dispatcher-186 de.htwg.se.mastermind.view.tui - 
              +-------------+
              | xx xx xx xx |
+-------------+-------------+
|             |             |[6]
|             |             |[5]
|             |             |[4]
|             |             |[3]
|             |             |[2]
|             | rd rd pk bl |[1]
| bk wh       | yl rd pk bl |[0]
+-------------+-------------+
                [3][2][1][0]

INFO play-akka.actor.default-dispatcher-186 de.htwg.se.mastermind.view.tui - 
The cell at [1],[1] has been set!
INFO play-akka.actor.default-dispatcher-186 de.htwg.se.mastermind.view.tui - 
Available Colors: yl, gr, rd, bl, or, pk, pu
INFO play-akka.actor.default-dispatcher-186 de.htwg.se.mastermind.view.tui - 
Possible Commands: n-new, q-quit, c-confirm row, xyco-set a color at x, y, s-show solution, zn-sets the size
INFO play-akka.actor.default-dispatcher-186 de.htwg.se.mastermind.view.tui - 
Please enter command: 
INFO play-akka.actor.default-dispatcher-186 de.htwg.se.mastermind.view.tui - 
              +-------------+
              | xx xx xx xx |
+-------------+-------------+
|             |             |[6]
|             |             |[5]
|             |             |[4]
|             |             |[3]
|             |             |[2]
|             | rd rd pu bl |[1]
| bk wh       | yl rd pk bl |[0]
+-------------+-------------+
                [3][2][1][0]

INFO play-akka.actor.default-dispatcher-186 de.htwg.se.mastermind.view.tui - 
The cell at [1],[1] has been set!
INFO play-akka.actor.default-dispatcher-186 de.htwg.se.mastermind.view.tui - 
Available Colors: yl, gr, rd, bl, or, pk, pu
INFO play-akka.actor.default-dispatcher-186 de.htwg.se.mastermind.view.tui - 
Possible Commands: n-new, q-quit, c-confirm row, xyco-set a color at x, y, s-show solution, zn-sets the size
INFO play-akka.actor.default-dispatcher-186 de.htwg.se.mastermind.view.tui - 
Please enter command: 
INFO play-akka.actor.default-dispatcher-186 de.htwg.se.mastermind.view.tui - 
              +-------------+
              | xx xx xx xx |
+-------------+-------------+
|             |             |[6]
|             |             |[5]
|             |             |[4]
|             |             |[3]
|             |             |[2]
|             | rd rd yl bl |[1]
| bk wh       | yl rd pk bl |[0]
+-------------+-------------+
                [3][2][1][0]

INFO play-akka.actor.default-dispatcher-186 de.htwg.se.mastermind.view.tui - 
The cell at [1],[1] has been set!
INFO play-akka.actor.default-dispatcher-186 de.htwg.se.mastermind.view.tui - 
Available Colors: yl, gr, rd, bl, or, pk, pu
INFO play-akka.actor.default-dispatcher-186 de.htwg.se.mastermind.view.tui - 
Possible Commands: n-new, q-quit, c-confirm row, xyco-set a color at x, y, s-show solution, zn-sets the size
INFO play-akka.actor.default-dispatcher-186 de.htwg.se.mastermind.view.tui - 
Please enter command: 
INFO play-akka.actor.default-dispatcher-186 de.htwg.se.mastermind.view.tui - 
              +-------------+
              | xx xx xx xx |
+-------------+-------------+
|             |             |[6]
|             |             |[5]
|             |             |[4]
|             |             |[3]
|             |             |[2]
|             | rd rd yl gr |[1]
| bk wh       | yl rd pk bl |[0]
+-------------+-------------+
                [3][2][1][0]

INFO play-akka.actor.default-dispatcher-186 de.htwg.se.mastermind.view.tui - 
The cell at [1],[0] has been set!
INFO play-akka.actor.default-dispatcher-186 de.htwg.se.mastermind.view.tui - 
Available Colors: yl, gr, rd, bl, or, pk, pu
INFO play-akka.actor.default-dispatcher-186 de.htwg.se.mastermind.view.tui - 
Possible Commands: n-new, q-quit, c-confirm row, xyco-set a color at x, y, s-show solution, zn-sets the size
INFO play-akka.actor.default-dispatcher-186 de.htwg.se.mastermind.view.tui - 
Please enter command: 
INFO play-akka.actor.default-dispatcher-186 de.htwg.se.mastermind.view.tui - 
              +-------------+
              | xx xx xx xx |
+-------------+-------------+
|             |             |[6]
|             |             |[5]
|             |             |[4]
|             |             |[3]
|             |             |[2]
|             | rd rd yl rd |[1]
| bk wh       | yl rd pk bl |[0]
+-------------+-------------+
                [3][2][1][0]

INFO play-akka.actor.default-dispatcher-186 de.htwg.se.mastermind.view.tui - 
The cell at [1],[0] has been set!
INFO play-akka.actor.default-dispatcher-186 de.htwg.se.mastermind.view.tui - 
Available Colors: yl, gr, rd, bl, or, pk, pu
INFO play-akka.actor.default-dispatcher-186 de.htwg.se.mastermind.view.tui - 
Possible Commands: n-new, q-quit, c-confirm row, xyco-set a color at x, y, s-show solution, zn-sets the size
INFO play-akka.actor.default-dispatcher-186 de.htwg.se.mastermind.view.tui - 
Please enter command: 
INFO play-akka.actor.default-dispatcher-186 de.htwg.se.mastermind.view.tui - 
              +-------------+
              | xx xx xx xx |
+-------------+-------------+
|             |             |[6]
|             |             |[5]
|             |             |[4]
|             |             |[3]
|             |             |[2]
|             | rd or yl rd |[1]
| bk wh       | yl rd pk bl |[0]
+-------------+-------------+
                [3][2][1][0]

INFO play-akka.actor.default-dispatcher-186 de.htwg.se.mastermind.view.tui - 
The cell at [1],[2] has been set!
INFO play-akka.actor.default-dispatcher-186 de.htwg.se.mastermind.view.tui - 
Available Colors: yl, gr, rd, bl, or, pk, pu
INFO play-akka.actor.default-dispatcher-186 de.htwg.se.mastermind.view.tui - 
Possible Commands: n-new, q-quit, c-confirm row, xyco-set a color at x, y, s-show solution, zn-sets the size
INFO play-akka.actor.default-dispatcher-186 de.htwg.se.mastermind.view.tui - 
Please enter command: 
INFO play-akka.actor.default-dispatcher-186 de.htwg.se.mastermind.view.tui - 
              +-------------+
              | xx xx xx xx |
+-------------+-------------+
|             |             |[6]
|             |             |[5]
|             |             |[4]
|             |             |[3]
|             |             |[2]
|             | rd pk yl rd |[1]
| bk wh       | yl rd pk bl |[0]
+-------------+-------------+
                [3][2][1][0]

INFO play-akka.actor.default-dispatcher-186 de.htwg.se.mastermind.view.tui - 
The cell at [1],[2] has been set!
INFO play-akka.actor.default-dispatcher-186 de.htwg.se.mastermind.view.tui - 
Available Colors: yl, gr, rd, bl, or, pk, pu
INFO play-akka.actor.default-dispatcher-186 de.htwg.se.mastermind.view.tui - 
Possible Commands: n-new, q-quit, c-confirm row, xyco-set a color at x, y, s-show solution, zn-sets the size
INFO play-akka.actor.default-dispatcher-186 de.htwg.se.mastermind.view.tui - 
Please enter command: 
INFO play-akka.actor.default-dispatcher-186 de.htwg.se.mastermind.view.tui - 
              +-------------+
              | xx xx xx xx |
+-------------+-------------+
|             |             |[6]
|             |             |[5]
|             |             |[4]
|             |             |[3]
|             |             |[2]
|             | or pk yl rd |[1]
| bk wh       | yl rd pk bl |[0]
+-------------+-------------+
                [3][2][1][0]

INFO play-akka.actor.default-dispatcher-186 de.htwg.se.mastermind.view.tui - 
The cell at [1],[3] has been set!
INFO play-akka.actor.default-dispatcher-186 de.htwg.se.mastermind.view.tui - 
Available Colors: yl, gr, rd, bl, or, pk, pu
INFO play-akka.actor.default-dispatcher-186 de.htwg.se.mastermind.view.tui - 
Possible Commands: n-new, q-quit, c-confirm row, xyco-set a color at x, y, s-show solution, zn-sets the size
INFO play-akka.actor.default-dispatcher-186 de.htwg.se.mastermind.view.tui - 
Please enter command: 
INFO play-akka.actor.default-dispatcher-186 de.htwg.se.mastermind.view.tui - 
              +-------------+
              | xx xx xx xx |
+-------------+-------------+
|             |             |[6]
|             |             |[5]
|             |             |[4]
|             |             |[3]
|             |             |[2]
|             | pk pk yl rd |[1]
| bk wh       | yl rd pk bl |[0]
+-------------+-------------+
                [3][2][1][0]

INFO play-akka.actor.default-dispatcher-186 de.htwg.se.mastermind.view.tui - 
The cell at [1],[3] has been set!
INFO play-akka.actor.default-dispatcher-186 de.htwg.se.mastermind.view.tui - 
Available Colors: yl, gr, rd, bl, or, pk, pu
INFO play-akka.actor.default-dispatcher-186 de.htwg.se.mastermind.view.tui - 
Possible Commands: n-new, q-quit, c-confirm row, xyco-set a color at x, y, s-show solution, zn-sets the size
INFO play-akka.actor.default-dispatcher-186 de.htwg.se.mastermind.view.tui - 
Please enter command: 
INFO play-akka.actor.default-dispatcher-186 de.htwg.se.mastermind.view.tui - 
              +-------------+
              | xx xx xx xx |
+-------------+-------------+
|             |             |[6]
|             |             |[5]
|             |             |[4]
|             |             |[3]
|             |             |[2]
|             | pu pk yl rd |[1]
| bk wh       | yl rd pk bl |[0]
+-------------+-------------+
                [3][2][1][0]

INFO play-akka.actor.default-dispatcher-186 de.htwg.se.mastermind.view.tui - 
The cell at [1],[3] has been set!
INFO play-akka.actor.default-dispatcher-186 de.htwg.se.mastermind.view.tui - 
Available Colors: yl, gr, rd, bl, or, pk, pu
INFO play-akka.actor.default-dispatcher-186 de.htwg.se.mastermind.view.tui - 
Possible Commands: n-new, q-quit, c-confirm row, xyco-set a color at x, y, s-show solution, zn-sets the size
INFO play-akka.actor.default-dispatcher-186 de.htwg.se.mastermind.view.tui - 
Please enter command: 
INFO play-akka.actor.default-dispatcher-186 de.htwg.se.mastermind.view.tui - 
              +-------------+
              | xx xx xx xx |
+-------------+-------------+
|             |             |[6]
|             |             |[5]
|             |             |[4]
|             |             |[3]
|             |             |[2]
|             | pu pk bl rd |[1]
| bk wh       | yl rd pk bl |[0]
+-------------+-------------+
                [3][2][1][0]

INFO play-akka.actor.default-dispatcher-186 de.htwg.se.mastermind.view.tui - 
The cell at [1],[1] has been set!
INFO play-akka.actor.default-dispatcher-186 de.htwg.se.mastermind.view.tui - 
Available Colors: yl, gr, rd, bl, or, pk, pu
INFO play-akka.actor.default-dispatcher-186 de.htwg.se.mastermind.view.tui - 
Possible Commands: n-new, q-quit, c-confirm row, xyco-set a color at x, y, s-show solution, zn-sets the size
INFO play-akka.actor.default-dispatcher-186 de.htwg.se.mastermind.view.tui - 
Please enter command: 
INFO play-akka.actor.default-dispatcher-192 de.htwg.se.mastermind.view.tui - 
              +-------------+
              | yl bl or gr |
+-------------+-------------+
|             |             |[6]
|             |             |[5]
|             |             |[4]
|             |             |[3]
|             |             |[2]
|             | pu pk bl rd |[1]
| bk wh       | yl rd pk bl |[0]
+-------------+-------------+
                [3][2][1][0]

INFO play-akka.actor.default-dispatcher-192 de.htwg.se.mastermind.view.tui - 
Solution is shown
INFO play-akka.actor.default-dispatcher-192 de.htwg.se.mastermind.view.tui - 
Available Colors: yl, gr, rd, bl, or, pk, pu
INFO play-akka.actor.default-dispatcher-192 de.htwg.se.mastermind.view.tui - 
Possible Commands: n-new, q-quit, c-confirm row, xyco-set a color at x, y, s-show solution, zn-sets the size
INFO play-akka.actor.default-dispatcher-192 de.htwg.se.mastermind.view.tui - 
Please enter command: 
INFO play-akka.actor.default-dispatcher-217 de.htwg.se.mastermind.view.tui - 
              +-------------+
              | yl bl or gr |
+-------------+-------------+
|             |             |[6]
|             |             |[5]
|             |             |[4]
|             |             |[3]
|             |             |[2]
|             | pu pk bl rd |[1]
| bk wh       | yl rd pk bl |[0]
+-------------+-------------+
                [3][2][1][0]

INFO play-akka.actor.default-dispatcher-217 de.htwg.se.mastermind.view.tui - 
Solution is shown
INFO play-akka.actor.default-dispatcher-217 de.htwg.se.mastermind.view.tui - 
Available Colors: yl, gr, rd, bl, or, pk, pu
INFO play-akka.actor.default-dispatcher-217 de.htwg.se.mastermind.view.tui - 
Possible Commands: n-new, q-quit, c-confirm row, xyco-set a color at x, y, s-show solution, zn-sets the size
INFO play-akka.actor.default-dispatcher-217 de.htwg.se.mastermind.view.tui - 
Please enter command: 
INFO play-akka.actor.default-dispatcher-217 de.htwg.se.mastermind.view.tui - 
              +-------------+
              | yl bl or gr |
+-------------+-------------+
|             |             |[6]
|             |             |[5]
|             |             |[4]
|             |             |[3]
|             |             |[2]
|             | pu pk bl rd |[1]
| bk wh       | yl rd pk bl |[0]
+-------------+-------------+
                [3][2][1][0]

INFO play-akka.actor.default-dispatcher-217 de.htwg.se.mastermind.view.tui - 
Solution is shown
INFO play-akka.actor.default-dispatcher-217 de.htwg.se.mastermind.view.tui - 
Available Colors: yl, gr, rd, bl, or, pk, pu
INFO play-akka.actor.default-dispatcher-217 de.htwg.se.mastermind.view.tui - 
Possible Commands: n-new, q-quit, c-confirm row, xyco-set a color at x, y, s-show solution, zn-sets the size
INFO play-akka.actor.default-dispatcher-217 de.htwg.se.mastermind.view.tui - 
Please enter command: 
INFO play-akka.actor.default-dispatcher-217 de.htwg.se.mastermind.view.tui - 
              +-------------+
              | yl bl or gr |
+-------------+-------------+
|             |             |[6]
|             |             |[5]
|             |             |[4]
|             |             |[3]
|             |             |[2]
|             | pu pk bl rd |[1]
| bk wh       | yl rd pk bl |[0]
+-------------+-------------+
                [3][2][1][0]

INFO play-akka.actor.default-dispatcher-217 de.htwg.se.mastermind.view.tui - 
Solution is shown
INFO play-akka.actor.default-dispatcher-217 de.htwg.se.mastermind.view.tui - 
Available Colors: yl, gr, rd, bl, or, pk, pu
INFO play-akka.actor.default-dispatcher-217 de.htwg.se.mastermind.view.tui - 
Possible Commands: n-new, q-quit, c-confirm row, xyco-set a color at x, y, s-show solution, zn-sets the size
INFO play-akka.actor.default-dispatcher-217 de.htwg.se.mastermind.view.tui - 
Please enter command: 
INFO play-akka.actor.default-dispatcher-217 de.htwg.se.mastermind.view.tui - 
              +-------------+
              | yl bl or gr |
+-------------+-------------+
|             |             |[6]
|             |             |[5]
|             |             |[4]
|             |             |[3]
|             |             |[2]
|             | pu pk bl rd |[1]
| bk wh       | yl rd pk bl |[0]
+-------------+-------------+
                [3][2][1][0]

INFO play-akka.actor.default-dispatcher-217 de.htwg.se.mastermind.view.tui - 
Solution is shown
INFO play-akka.actor.default-dispatcher-217 de.htwg.se.mastermind.view.tui - 
Available Colors: yl, gr, rd, bl, or, pk, pu
INFO play-akka.actor.default-dispatcher-217 de.htwg.se.mastermind.view.tui - 
Possible Commands: n-new, q-quit, c-confirm row, xyco-set a color at x, y, s-show solution, zn-sets the size
INFO play-akka.actor.default-dispatcher-217 de.htwg.se.mastermind.view.tui - 
Please enter command: 
INFO play-akka.actor.default-dispatcher-217 de.htwg.se.mastermind.view.tui - 
              +-------------+
              | yl bl or gr |
+-------------+-------------+
|             |             |[6]
|             |             |[5]
|             |             |[4]
|             |             |[3]
|             |             |[2]
|             | pu pk bl rd |[1]
| bk wh       | yl rd pk bl |[0]
+-------------+-------------+
                [3][2][1][0]

INFO play-akka.actor.default-dispatcher-217 de.htwg.se.mastermind.view.tui - 
Solution is shown
INFO play-akka.actor.default-dispatcher-217 de.htwg.se.mastermind.view.tui - 
Available Colors: yl, gr, rd, bl, or, pk, pu
INFO play-akka.actor.default-dispatcher-217 de.htwg.se.mastermind.view.tui - 
Possible Commands: n-new, q-quit, c-confirm row, xyco-set a color at x, y, s-show solution, zn-sets the size
INFO play-akka.actor.default-dispatcher-217 de.htwg.se.mastermind.view.tui - 
Please enter command: 
INFO play-akka.actor.default-dispatcher-225 de.htwg.se.mastermind.view.tui - 
              +-------------+
              | yl bl or gr |
+-------------+-------------+
|             |             |[6]
|             |             |[5]
|             |             |[4]
|             |             |[3]
|             |             |[2]
|             | pu pk bl rd |[1]
| bk wh       | yl rd pk bl |[0]
+-------------+-------------+
                [3][2][1][0]

INFO play-akka.actor.default-dispatcher-225 de.htwg.se.mastermind.view.tui - 
Solution is shown
INFO play-akka.actor.default-dispatcher-225 de.htwg.se.mastermind.view.tui - 
Available Colors: yl, gr, rd, bl, or, pk, pu
INFO play-akka.actor.default-dispatcher-225 de.htwg.se.mastermind.view.tui - 
Possible Commands: n-new, q-quit, c-confirm row, xyco-set a color at x, y, s-show solution, zn-sets the size
INFO play-akka.actor.default-dispatcher-225 de.htwg.se.mastermind.view.tui - 
Please enter command: 
INFO play-akka.actor.default-dispatcher-225 de.htwg.se.mastermind.view.tui - 
              +-------------+
              | yl bl or gr |
+-------------+-------------+
|             |             |[6]
|             |             |[5]
|             |             |[4]
|             |             |[3]
|             |             |[2]
|             | pu pk bl rd |[1]
| bk wh       | yl rd pk bl |[0]
+-------------+-------------+
                [3][2][1][0]

INFO play-akka.actor.default-dispatcher-225 de.htwg.se.mastermind.view.tui - 
Solution is shown
INFO play-akka.actor.default-dispatcher-225 de.htwg.se.mastermind.view.tui - 
Available Colors: yl, gr, rd, bl, or, pk, pu
INFO play-akka.actor.default-dispatcher-225 de.htwg.se.mastermind.view.tui - 
Possible Commands: n-new, q-quit, c-confirm row, xyco-set a color at x, y, s-show solution, zn-sets the size
INFO play-akka.actor.default-dispatcher-225 de.htwg.se.mastermind.view.tui - 
Please enter command: 
INFO play-akka.actor.default-dispatcher-2 de.htwg.se.mastermind.view.tui - 
              +-------------+
              | xx xx xx xx |
+-------------+-------------+
|             |             |[6]
|             |             |[5]
|             |             |[4]
|             |             |[3]
|             |             |[2]
|             |             |[1]
|             |             |[0]
+-------------+-------------+
                [3][2][1][0]

INFO play-akka.actor.default-dispatcher-2 de.htwg.se.mastermind.view.tui - 
New game has been created!
INFO play-akka.actor.default-dispatcher-2 de.htwg.se.mastermind.view.tui - 
Available Colors: yl, gr, rd, bl, or, pk, pu
INFO play-akka.actor.default-dispatcher-2 de.htwg.se.mastermind.view.tui - 
Possible Commands: n-new, q-quit, c-confirm row, xyco-set a color at x, y, s-show solution, zn-sets the size
INFO play-akka.actor.default-dispatcher-2 de.htwg.se.mastermind.view.tui - 
Please enter command: 
INFO play-akka.actor.default-dispatcher-4 de.htwg.se.mastermind.view.tui - 
              +-------------+
              | gr bl yl gr |
+-------------+-------------+
|             |             |[6]
|             |             |[5]
|             |             |[4]
|             |             |[3]
|             |             |[2]
|             |             |[1]
|             |             |[0]
+-------------+-------------+
                [3][2][1][0]

INFO play-akka.actor.default-dispatcher-4 de.htwg.se.mastermind.view.tui - 
Solution is shown
INFO play-akka.actor.default-dispatcher-4 de.htwg.se.mastermind.view.tui - 
Available Colors: yl, gr, rd, bl, or, pk, pu
INFO play-akka.actor.default-dispatcher-4 de.htwg.se.mastermind.view.tui - 
Possible Commands: n-new, q-quit, c-confirm row, xyco-set a color at x, y, s-show solution, zn-sets the size
INFO play-akka.actor.default-dispatcher-4 de.htwg.se.mastermind.view.tui - 
Please enter command: 
INFO play-akka.actor.default-dispatcher-7 de.htwg.se.mastermind.view.tui - 
              +-------------+
              | gr bl yl gr |
+-------------+-------------+
|             |             |[6]
|             |             |[5]
|             |             |[4]
|             |             |[3]
|             |             |[2]
|             |             |[1]
|             |             |[0]
+-------------+-------------+
                [3][2][1][0]

INFO play-akka.actor.default-dispatcher-7 de.htwg.se.mastermind.view.tui - 
Solution is shown
INFO play-akka.actor.default-dispatcher-7 de.htwg.se.mastermind.view.tui - 
Available Colors: yl, gr, rd, bl, or, pk, pu
INFO play-akka.actor.default-dispatcher-7 de.htwg.se.mastermind.view.tui - 
Possible Commands: n-new, q-quit, c-confirm row, xyco-set a color at x, y, s-show solution, zn-sets the size
INFO play-akka.actor.default-dispatcher-7 de.htwg.se.mastermind.view.tui - 
Please enter command: 
INFO play-akka.actor.default-dispatcher-9 de.htwg.se.mastermind.view.tui - 
              +-------------+
              | gr bl yl gr |
+-------------+-------------+
|             |             |[6]
|             |             |[5]
|             |             |[4]
|             |             |[3]
|             |             |[2]
|             |             |[1]
|             |             |[0]
+-------------+-------------+
                [3][2][1][0]

INFO play-akka.actor.default-dispatcher-9 de.htwg.se.mastermind.view.tui - 
Solution is shown
INFO play-akka.actor.default-dispatcher-9 de.htwg.se.mastermind.view.tui - 
Available Colors: yl, gr, rd, bl, or, pk, pu
INFO play-akka.actor.default-dispatcher-9 de.htwg.se.mastermind.view.tui - 
Possible Commands: n-new, q-quit, c-confirm row, xyco-set a color at x, y, s-show solution, zn-sets the size
INFO play-akka.actor.default-dispatcher-9 de.htwg.se.mastermind.view.tui - 
Please enter command: 
INFO play-akka.actor.default-dispatcher-9 de.htwg.se.mastermind.view.tui - 
              +-------------+
              | gr bl yl gr |
+-------------+-------------+
|             |             |[6]
|             |             |[5]
|             |             |[4]
|             |             |[3]
|             |             |[2]
|             |             |[1]
|             |             |[0]
+-------------+-------------+
                [3][2][1][0]

INFO play-akka.actor.default-dispatcher-9 de.htwg.se.mastermind.view.tui - 
Solution is shown
INFO play-akka.actor.default-dispatcher-9 de.htwg.se.mastermind.view.tui - 
Available Colors: yl, gr, rd, bl, or, pk, pu
INFO play-akka.actor.default-dispatcher-9 de.htwg.se.mastermind.view.tui - 
Possible Commands: n-new, q-quit, c-confirm row, xyco-set a color at x, y, s-show solution, zn-sets the size
INFO play-akka.actor.default-dispatcher-9 de.htwg.se.mastermind.view.tui - 
Please enter command: 
INFO play-akka.actor.default-dispatcher-7 de.htwg.se.mastermind.view.tui - 
              +-------------+
              | gr bl yl gr |
+-------------+-------------+
|             |             |[6]
|             |             |[5]
|             |             |[4]
|             |             |[3]
|             |             |[2]
|             |             |[1]
|             |             |[0]
+-------------+-------------+
                [3][2][1][0]

INFO play-akka.actor.default-dispatcher-7 de.htwg.se.mastermind.view.tui - 
Solution is shown
INFO play-akka.actor.default-dispatcher-7 de.htwg.se.mastermind.view.tui - 
Available Colors: yl, gr, rd, bl, or, pk, pu
INFO play-akka.actor.default-dispatcher-7 de.htwg.se.mastermind.view.tui - 
Possible Commands: n-new, q-quit, c-confirm row, xyco-set a color at x, y, s-show solution, zn-sets the size
INFO play-akka.actor.default-dispatcher-7 de.htwg.se.mastermind.view.tui - 
Please enter command: 
INFO play-akka.actor.default-dispatcher-9 de.htwg.se.mastermind.view.tui - 
              +-------------+
              | gr bl yl gr |
+-------------+-------------+
|             |             |[6]
|             |             |[5]
|             |             |[4]
|             |             |[3]
|             |             |[2]
|             |             |[1]
|             |             |[0]
+-------------+-------------+
                [3][2][1][0]

INFO play-akka.actor.default-dispatcher-9 de.htwg.se.mastermind.view.tui - 
Solution is shown
INFO play-akka.actor.default-dispatcher-9 de.htwg.se.mastermind.view.tui - 
Available Colors: yl, gr, rd, bl, or, pk, pu
INFO play-akka.actor.default-dispatcher-9 de.htwg.se.mastermind.view.tui - 
Possible Commands: n-new, q-quit, c-confirm row, xyco-set a color at x, y, s-show solution, zn-sets the size
INFO play-akka.actor.default-dispatcher-9 de.htwg.se.mastermind.view.tui - 
Please enter command: 
INFO play-akka.actor.default-dispatcher-3 de.htwg.se.mastermind.view.tui - 
              +-------------+
              | gr bl yl gr |
+-------------+-------------+
|             |             |[6]
|             |             |[5]
|             |             |[4]
|             |             |[3]
|             |             |[2]
|             |             |[1]
|             |          yl |[0]
+-------------+-------------+
                [3][2][1][0]

INFO play-akka.actor.default-dispatcher-3 de.htwg.se.mastermind.view.tui - 
The cell at [0],[0] has been set!
INFO play-akka.actor.default-dispatcher-3 de.htwg.se.mastermind.view.tui - 
Available Colors: yl, gr, rd, bl, or, pk, pu
INFO play-akka.actor.default-dispatcher-3 de.htwg.se.mastermind.view.tui - 
Possible Commands: n-new, q-quit, c-confirm row, xyco-set a color at x, y, s-show solution, zn-sets the size
INFO play-akka.actor.default-dispatcher-3 de.htwg.se.mastermind.view.tui - 
Please enter command: 
INFO play-akka.actor.default-dispatcher-10 de.htwg.se.mastermind.view.tui - 
              +-------------+
              | gr bl yl gr |
+-------------+-------------+
|             |             |[6]
|             |             |[5]
|             |             |[4]
|             |             |[3]
|             |             |[2]
|             |             |[1]
|             |       yl yl |[0]
+-------------+-------------+
                [3][2][1][0]

INFO play-akka.actor.default-dispatcher-10 de.htwg.se.mastermind.view.tui - 
The cell at [0],[1] has been set!
INFO play-akka.actor.default-dispatcher-10 de.htwg.se.mastermind.view.tui - 
Available Colors: yl, gr, rd, bl, or, pk, pu
INFO play-akka.actor.default-dispatcher-10 de.htwg.se.mastermind.view.tui - 
Possible Commands: n-new, q-quit, c-confirm row, xyco-set a color at x, y, s-show solution, zn-sets the size
INFO play-akka.actor.default-dispatcher-10 de.htwg.se.mastermind.view.tui - 
Please enter command: 
INFO play-akka.actor.default-dispatcher-3 de.htwg.se.mastermind.view.tui - 
              +-------------+
              | gr bl yl gr |
+-------------+-------------+
|             |             |[6]
|             |             |[5]
|             |             |[4]
|             |             |[3]
|             |             |[2]
|             |             |[1]
|             |    yl yl yl |[0]
+-------------+-------------+
                [3][2][1][0]

INFO play-akka.actor.default-dispatcher-3 de.htwg.se.mastermind.view.tui - 
The cell at [0],[2] has been set!
INFO play-akka.actor.default-dispatcher-3 de.htwg.se.mastermind.view.tui - 
Available Colors: yl, gr, rd, bl, or, pk, pu
INFO play-akka.actor.default-dispatcher-3 de.htwg.se.mastermind.view.tui - 
Possible Commands: n-new, q-quit, c-confirm row, xyco-set a color at x, y, s-show solution, zn-sets the size
INFO play-akka.actor.default-dispatcher-3 de.htwg.se.mastermind.view.tui - 
Please enter command: 
INFO play-akka.actor.default-dispatcher-3 de.htwg.se.mastermind.view.tui - 
              +-------------+
              | gr bl yl gr |
+-------------+-------------+
|             |             |[6]
|             |             |[5]
|             |             |[4]
|             |             |[3]
|             |             |[2]
|             |             |[1]
|             |    bl yl yl |[0]
+-------------+-------------+
                [3][2][1][0]

INFO play-akka.actor.default-dispatcher-3 de.htwg.se.mastermind.view.tui - 
The cell at [0],[2] has been set!
INFO play-akka.actor.default-dispatcher-3 de.htwg.se.mastermind.view.tui - 
Available Colors: yl, gr, rd, bl, or, pk, pu
INFO play-akka.actor.default-dispatcher-3 de.htwg.se.mastermind.view.tui - 
Possible Commands: n-new, q-quit, c-confirm row, xyco-set a color at x, y, s-show solution, zn-sets the size
INFO play-akka.actor.default-dispatcher-3 de.htwg.se.mastermind.view.tui - 
Please enter command: 
INFO play-akka.actor.default-dispatcher-3 de.htwg.se.mastermind.view.tui - 
              +-------------+
              | gr bl yl gr |
+-------------+-------------+
|             |             |[6]
|             |             |[5]
|             |             |[4]
|             |             |[3]
|             |             |[2]
|             |             |[1]
|             |    gr yl yl |[0]
+-------------+-------------+
                [3][2][1][0]

INFO play-akka.actor.default-dispatcher-3 de.htwg.se.mastermind.view.tui - 
The cell at [0],[2] has been set!
INFO play-akka.actor.default-dispatcher-3 de.htwg.se.mastermind.view.tui - 
Available Colors: yl, gr, rd, bl, or, pk, pu
INFO play-akka.actor.default-dispatcher-3 de.htwg.se.mastermind.view.tui - 
Possible Commands: n-new, q-quit, c-confirm row, xyco-set a color at x, y, s-show solution, zn-sets the size
INFO play-akka.actor.default-dispatcher-3 de.htwg.se.mastermind.view.tui - 
Please enter command: 
INFO play-akka.actor.default-dispatcher-10 de.htwg.se.mastermind.view.tui - 
              +-------------+
              | gr bl yl gr |
+-------------+-------------+
|             |             |[6]
|             |             |[5]
|             |             |[4]
|             |             |[3]
|             |             |[2]
|             |             |[1]
|             |    rd yl yl |[0]
+-------------+-------------+
                [3][2][1][0]

INFO play-akka.actor.default-dispatcher-10 de.htwg.se.mastermind.view.tui - 
The cell at [0],[2] has been set!
INFO play-akka.actor.default-dispatcher-10 de.htwg.se.mastermind.view.tui - 
Available Colors: yl, gr, rd, bl, or, pk, pu
INFO play-akka.actor.default-dispatcher-10 de.htwg.se.mastermind.view.tui - 
Possible Commands: n-new, q-quit, c-confirm row, xyco-set a color at x, y, s-show solution, zn-sets the size
INFO play-akka.actor.default-dispatcher-10 de.htwg.se.mastermind.view.tui - 
Please enter command: 
INFO play-akka.actor.default-dispatcher-3 de.htwg.se.mastermind.view.tui - 
              +-------------+
              | gr bl yl gr |
+-------------+-------------+
|             |             |[6]
|             |             |[5]
|             |             |[4]
|             |             |[3]
|             |             |[2]
|             |             |[1]
|             |    or yl yl |[0]
+-------------+-------------+
                [3][2][1][0]

INFO play-akka.actor.default-dispatcher-3 de.htwg.se.mastermind.view.tui - 
The cell at [0],[2] has been set!
INFO play-akka.actor.default-dispatcher-3 de.htwg.se.mastermind.view.tui - 
Available Colors: yl, gr, rd, bl, or, pk, pu
INFO play-akka.actor.default-dispatcher-3 de.htwg.se.mastermind.view.tui - 
Possible Commands: n-new, q-quit, c-confirm row, xyco-set a color at x, y, s-show solution, zn-sets the size
INFO play-akka.actor.default-dispatcher-3 de.htwg.se.mastermind.view.tui - 
Please enter command: 
INFO play-akka.actor.default-dispatcher-10 de.htwg.se.mastermind.view.tui - 
              +-------------+
              | gr bl yl gr |
+-------------+-------------+
|             |             |[6]
|             |             |[5]
|             |             |[4]
|             |             |[3]
|             |             |[2]
|             |             |[1]
|             |    pk yl yl |[0]
+-------------+-------------+
                [3][2][1][0]

INFO play-akka.actor.default-dispatcher-10 de.htwg.se.mastermind.view.tui - 
The cell at [0],[2] has been set!
INFO play-akka.actor.default-dispatcher-10 de.htwg.se.mastermind.view.tui - 
Available Colors: yl, gr, rd, bl, or, pk, pu
INFO play-akka.actor.default-dispatcher-10 de.htwg.se.mastermind.view.tui - 
Possible Commands: n-new, q-quit, c-confirm row, xyco-set a color at x, y, s-show solution, zn-sets the size
INFO play-akka.actor.default-dispatcher-10 de.htwg.se.mastermind.view.tui - 
Please enter command: 
INFO play-akka.actor.default-dispatcher-3 de.htwg.se.mastermind.view.tui - 
              +-------------+
              | gr bl yl gr |
+-------------+-------------+
|             |             |[6]
|             |             |[5]
|             |             |[4]
|             |             |[3]
|             |             |[2]
|             |             |[1]
|             |    pu yl yl |[0]
+-------------+-------------+
                [3][2][1][0]

INFO play-akka.actor.default-dispatcher-3 de.htwg.se.mastermind.view.tui - 
The cell at [0],[2] has been set!
INFO play-akka.actor.default-dispatcher-3 de.htwg.se.mastermind.view.tui - 
Available Colors: yl, gr, rd, bl, or, pk, pu
INFO play-akka.actor.default-dispatcher-3 de.htwg.se.mastermind.view.tui - 
Possible Commands: n-new, q-quit, c-confirm row, xyco-set a color at x, y, s-show solution, zn-sets the size
INFO play-akka.actor.default-dispatcher-3 de.htwg.se.mastermind.view.tui - 
Please enter command: 
INFO play-akka.actor.default-dispatcher-10 de.htwg.se.mastermind.view.tui - 
              +-------------+
              | gr bl yl gr |
+-------------+-------------+
|             |             |[6]
|             |             |[5]
|             |             |[4]
|             |             |[3]
|             |             |[2]
|             |             |[1]
|             | yl pu yl yl |[0]
+-------------+-------------+
                [3][2][1][0]

INFO play-akka.actor.default-dispatcher-10 de.htwg.se.mastermind.view.tui - 
The cell at [0],[3] has been set!
INFO play-akka.actor.default-dispatcher-10 de.htwg.se.mastermind.view.tui - 
Available Colors: yl, gr, rd, bl, or, pk, pu
INFO play-akka.actor.default-dispatcher-10 de.htwg.se.mastermind.view.tui - 
Possible Commands: n-new, q-quit, c-confirm row, xyco-set a color at x, y, s-show solution, zn-sets the size
INFO play-akka.actor.default-dispatcher-10 de.htwg.se.mastermind.view.tui - 
Please enter command: 
INFO play-akka.actor.default-dispatcher-3 de.htwg.se.mastermind.view.tui - 
              +-------------+
              | gr bl yl gr |
+-------------+-------------+
|             |             |[6]
|             |             |[5]
|             |             |[4]
|             |             |[3]
|             |             |[2]
|             |             |[1]
|             | bl pu yl yl |[0]
+-------------+-------------+
                [3][2][1][0]

INFO play-akka.actor.default-dispatcher-3 de.htwg.se.mastermind.view.tui - 
The cell at [0],[3] has been set!
INFO play-akka.actor.default-dispatcher-3 de.htwg.se.mastermind.view.tui - 
Available Colors: yl, gr, rd, bl, or, pk, pu
INFO play-akka.actor.default-dispatcher-3 de.htwg.se.mastermind.view.tui - 
Possible Commands: n-new, q-quit, c-confirm row, xyco-set a color at x, y, s-show solution, zn-sets the size
INFO play-akka.actor.default-dispatcher-3 de.htwg.se.mastermind.view.tui - 
Please enter command: 
INFO play-akka.actor.default-dispatcher-3 de.htwg.se.mastermind.view.tui - 
              +-------------+
              | gr bl yl gr |
+-------------+-------------+
|             |             |[6]
|             |             |[5]
|             |             |[4]
|             |             |[3]
|             |             |[2]
|             |             |[1]
|             | gr pu yl yl |[0]
+-------------+-------------+
                [3][2][1][0]

INFO play-akka.actor.default-dispatcher-3 de.htwg.se.mastermind.view.tui - 
The cell at [0],[3] has been set!
INFO play-akka.actor.default-dispatcher-3 de.htwg.se.mastermind.view.tui - 
Available Colors: yl, gr, rd, bl, or, pk, pu
INFO play-akka.actor.default-dispatcher-3 de.htwg.se.mastermind.view.tui - 
Possible Commands: n-new, q-quit, c-confirm row, xyco-set a color at x, y, s-show solution, zn-sets the size
INFO play-akka.actor.default-dispatcher-3 de.htwg.se.mastermind.view.tui - 
Please enter command: 
INFO play-akka.actor.default-dispatcher-3 de.htwg.se.mastermind.view.tui - 
              +-------------+
              | gr bl yl gr |
+-------------+-------------+
|             |             |[6]
|             |             |[5]
|             |             |[4]
|             |             |[3]
|             |             |[2]
|             |             |[1]
|             | rd pu yl yl |[0]
+-------------+-------------+
                [3][2][1][0]

INFO play-akka.actor.default-dispatcher-3 de.htwg.se.mastermind.view.tui - 
The cell at [0],[3] has been set!
INFO play-akka.actor.default-dispatcher-3 de.htwg.se.mastermind.view.tui - 
Available Colors: yl, gr, rd, bl, or, pk, pu
INFO play-akka.actor.default-dispatcher-3 de.htwg.se.mastermind.view.tui - 
Possible Commands: n-new, q-quit, c-confirm row, xyco-set a color at x, y, s-show solution, zn-sets the size
INFO play-akka.actor.default-dispatcher-3 de.htwg.se.mastermind.view.tui - 
Please enter command: 
